TN:
SF:/Users/manishghimire/Downloads/Soul Protocol/contracts/crosschain/EthereumL1Bridge.sol
DA:1,0
DA:39,1182
DA:44,2
DA:45,4
DA:46,2
DA:127,0
DA:130,0
DA:133,0
DA:136,0
DA:139,0
DA:142,0
DA:148,0
DA:151,0
DA:154,0
DA:157,2
DA:160,3
DA:161,0
DA:162,0
DA:165,0
DA:168,0
DA:171,0
DA:263,8
DA:264,5
DA:265,5
DA:267,2
DA:283,80
DA:284,1
DA:290,3
DA:293,5
DA:300,24
DA:301,2
DA:317,24
DA:318,1
DA:334,24
DA:335,1
DA:344,1
DA:351,24
DA:352,1
DA:361,1
DA:368,24
DA:369,1
DA:385,24
DA:386,1
DA:404,4
DA:405,1
DA:408,5
DA:410,2
DA:423,0
DA:429,0
DA:431,0
DA:433,0
DA:446,0
DA:447,0
DA:449,0
DA:461,8
DA:463,0
DA:464,0
DA:503,0
DA:525,1
DA:526,3
DA:527,0
DA:528,0
DA:529,0
DA:534,0
DA:535,0
DA:545,0
DA:546,0
DA:549,0
DA:551,0
DA:553,0
DA:560,0
DA:564,0
DA:569,0
DA:571,0
DA:574,0
DA:575,0
DA:577,0
DA:595,0
DA:597,0
DA:598,0
DA:599,0
DA:600,0
DA:601,0
DA:602,0
DA:605,0
DA:607,0
DA:615,0
DA:617,0
DA:619,0
DA:621,0
DA:622,0
DA:628,0
DA:629,0
DA:630,0
DA:634,0
DA:635,0
DA:637,0
DA:639,0
DA:655,0
DA:656,0
DA:658,0
DA:659,0
DA:660,0
DA:662,0
DA:663,0
DA:664,0
DA:668,0
DA:669,0
DA:673,0
DA:684,0
DA:686,0
DA:717,5
DA:718,6
DA:719,0
DA:720,0
DA:721,0
DA:722,0
DA:725,0
DA:726,0
DA:727,0
DA:730,0
DA:731,0
DA:732,0
DA:736,0
DA:740,0
DA:749,0
DA:755,0
DA:757,0
DA:770,0
DA:772,0
DA:774,0
DA:776,0
DA:779,0
DA:780,0
DA:781,0
DA:783,0
DA:795,0
DA:797,0
DA:798,0
DA:799,0
DA:800,0
DA:804,0
DA:805,0
DA:807,0
DA:809,0
DA:832,0
DA:834,0
DA:837,0
DA:843,0
DA:854,0
DA:855,0
DA:859,0
DA:860,0
DA:867,0
DA:875,0
DA:876,0
DA:879,0
DA:883,0
DA:885,0
DA:886,0
DA:887,0
DA:890,0
DA:891,0
DA:896,0
DA:916,0
DA:923,0
DA:939,0
DA:961,0
DA:970,1
end_of_record

SF:/Users/manishghimire/Downloads/Soul Protocol/node_modules/@openzeppelin/contracts/access/AccessControl.sol
DA:57,4
DA:64,12
DA:70,0
DA:77,33
DA:84,9
DA:93,9
DA:94,0
DA:105,1
DA:121,3
DA:136,0
DA:156,0
DA:157,0
DA:160,0
DA:181,5
DA:182,3
DA:183,8
DA:184,11
DA:185,8
DA:187,4
DA:198,0
DA:199,0
DA:201,0
DA:202,0
end_of_record

SF:/Users/manishghimire/Downloads/Soul Protocol/node_modules/@openzeppelin/contracts/access/IAccessControl.sol
end_of_record

SF:/Users/manishghimire/Downloads/Soul Protocol/node_modules/@openzeppelin/contracts/utils/Context.sol
DA:18,8
end_of_record

SF:/Users/manishghimire/Downloads/Soul Protocol/node_modules/@openzeppelin/contracts/utils/Pausable.sol
DA:47,8
DA:68,1
DA:74,2
DA:75,2
DA:76,0
DA:84,0
DA:85,0
DA:97,0
DA:98,0
DA:110,0
end_of_record

SF:/Users/manishghimire/Downloads/Soul Protocol/node_modules/@openzeppelin/contracts/utils/ReentrancyGuard.sol
DA:37,19
DA:38,2
DA:58,8
DA:64,2
DA:66,5
DA:67,0
end_of_record

SF:/Users/manishghimire/Downloads/Soul Protocol/node_modules/@openzeppelin/contracts/utils/introspection/ERC165.sol
DA:23,0
end_of_record

SF:/Users/manishghimire/Downloads/Soul Protocol/node_modules/@openzeppelin/contracts/utils/introspection/IERC165.sol
end_of_record

SF:/Users/manishghimire/Downloads/Soul Protocol/test/fuzz/BridgeFuzz.sol
DA:10,538
DA:14,1
DA:15,1
DA:18,33
DA:21,74
DA:22,37
DA:23,37
DA:26,29
DA:34,5
DA:43,0
DA:50,11
DA:51,10
DA:56,9
DA:57,19
DA:59,2
DA:60,0
DA:65,24
end_of_record

